[21:41:49] [ServerMain/WARN]: Invalid registry value type detected for PerfOS counters. Should be REG_DWORD. Ignoring: HKEY_LOCAL_MACHINE\SYSTEM\CurrentControlSet\Services\PerfOS\Performance\Disable Performance Counters.
[21:41:52] [ServerMain/INFO]: Environment: authHost='https://authserver.mojang.com', accountsHost='https://api.mojang.com', sessionHost='https://sessionserver.mojang.com', servicesHost='https://api.minecraftservices.com', name='PROD'
[21:41:54] [ServerMain/INFO]: Loaded 7 recipes
[21:41:54] [ServerMain/INFO]: Loaded 1271 advancements
[21:41:54] [Server thread/INFO]: Starting minecraft server version 1.20.1
[21:41:54] [Server thread/INFO]: Loading properties
[21:41:54] [Server thread/INFO]: Default game type: SURVIVAL
[21:41:54] [Server thread/INFO]: Generating keypair
[21:41:54] [Server thread/INFO]: Starting Minecraft server on *:25565
[21:41:54] [Server thread/INFO]: Using default channel type
[21:41:54] [Server thread/INFO]: Preparing level "world"
[21:41:55] [Server thread/INFO]: Preparing start region for dimension minecraft:overworld
[21:41:57] [Worker-Main-2/INFO]: Preparing spawn area: 0%
[21:41:57] [Worker-Main-2/INFO]: Preparing spawn area: 0%
[21:41:57] [Worker-Main-2/INFO]: Preparing spawn area: 0%
[21:41:57] [Worker-Main-2/INFO]: Preparing spawn area: 0%
[21:41:57] [Worker-Main-7/INFO]: Preparing spawn area: 0%
[21:41:58] [Worker-Main-2/INFO]: Preparing spawn area: 86%
[21:41:58] [Server thread/INFO]: Time elapsed: 2590 ms
[21:41:58] [Server thread/INFO]: Done (3.533s)! For help, type "help"
[21:41:59] [User Authenticator #1/INFO]: UUID of player txkodo is e19851cc-9493-4875-8d67-493b8474564f
[21:41:59] [Server thread/INFO]: txkodo[/127.0.0.1:54329] logged in with entity id 207 at (-280.16391172808187, 82.49929604381931, -207.360524472443)
[21:41:59] [Server thread/INFO]: txkodo joined the game
[21:42:15] [Server thread/INFO]: [txkodo: Stopping the server]
[21:42:15] [Server thread/INFO]: Stopping server
[21:42:15] [Server thread/INFO]: Saving players
[21:42:15] [Server thread/INFO]: Saving worlds
[21:42:16] [Server thread/INFO]: Saving chunks for level 'ServerLevel[world]'/minecraft:overworld
[21:42:16] [Server thread/INFO]: Saving chunks for level 'ServerLevel[world]'/minecraft:the_nether
[21:42:16] [Server thread/INFO]: Saving chunks for level 'ServerLevel[world]'/minecraft:the_end
[21:42:16] [Server thread/INFO]: ThreadedAnvilChunkStorage (world): All chunks are saved
[21:42:16] [Server thread/INFO]: ThreadedAnvilChunkStorage (DIM-1): All chunks are saved
[21:42:16] [Server thread/INFO]: ThreadedAnvilChunkStorage (DIM1): All chunks are saved
[21:42:16] [Server thread/INFO]: ThreadedAnvilChunkStorage: All dimensions are saved
